<?xml version="1.0" encoding="UTF-8"?>
<!-- Generated by org.testng.reporters.JUnitReportReporter -->
<testsuite skipped="0" hostname="vimala" name="interviewPreps.EventDriver" tests="1" failures="0" timestamp="29 Jun 2018 04:16:02 GMT" time="0.013" errors="0">
  <testcase name="togetcurrenttime" time="0.013" classname="interviewPreps.EventDriver"/>
</testsuite> <!-- interviewPreps.EventDriver -->
