<?xml version="1.0" encoding="UTF-8"?>
<!-- Generated by org.testng.reporters.JUnitReportReporter -->
<testsuite skipped="0" hostname="vimala" name="TestNgDemo.Basics" tests="1" failures="0" timestamp="19 Jun 2018 12:31:29 GMT" time="0.007" errors="0">
  <testcase name="test" time="0.007" classname="TestNgDemo.Basics"/>
</testsuite> <!-- TestNgDemo.Basics -->
