<?xml version="1.0" encoding="UTF-8"?>
<!-- Generated by org.testng.reporters.JUnitReportReporter -->
<testsuite skipped="0" hostname="vimala" name="krossover.QA.test.Lemo" tests="1" failures="0" timestamp="16 Jun 2018 21:43:10 GMT" time="41.755" errors="0">
  <testcase name="run" time="41.755" classname="krossover.QA.test.Lemo"/>
</testsuite> <!-- krossover.QA.test.Lemo -->
