<?xml version="1.0" encoding="UTF-8"?>
<!-- Generated by org.testng.reporters.JUnitReportReporter -->
<testsuite skipped="0" hostname="vimala" name="interviewPreps.Facebooklogotest" tests="2" failures="0" timestamp="05 Jul 2018 11:59:00 GMT" time="19.291" errors="0">
  <testcase name="fbstart" time="8.977" classname="interviewPreps.Facebooklogotest"/>
  <testcase name="omayotest" time="10.314" classname="interviewPreps.Facebooklogotest"/>
</testsuite> <!-- interviewPreps.Facebooklogotest -->
