<?xml version="1.0" encoding="UTF-8"?>
<!-- Generated by org.testng.reporters.JUnitReportReporter -->
<testsuite skipped="0" hostname="vimala" name="krossover.QA.test.Firsttest" tests="2" failures="0" timestamp="15 Jun 2018 18:17:25 GMT" time="0.073" errors="0">
  <testcase name="sub" time="0.070" classname="krossover.QA.test.Firsttest"/>
  <testcase name="sum" time="0.003" classname="krossover.QA.test.Firsttest"/>
</testsuite> <!-- krossover.QA.test.Firsttest -->
